\BOOKMARK [1][-]{section.1}{Basic Results}{}% 1
\BOOKMARK [1][-]{section.2}{The Prime Spectrum}{}% 2
\BOOKMARK [1][-]{section.3}{Irreducible Closed Subsets of `39`42`"613A``45`47`"603ASpecA}{}% 3
\BOOKMARK [1][-]{section.4}{Modules}{}% 4
\BOOKMARK [1][-]{section.5}{Tensor Products}{}% 5
\BOOKMARK [1][-]{section.6}{Algebras and Tensor Products}{}% 6
\BOOKMARK [1][-]{section.7}{Exactness of Tensor Products}{}% 7
\BOOKMARK [1][-]{section.8}{Localization and Local Rings}{}% 8
\BOOKMARK [1][-]{section.9}{Local Properties}{}% 9
\BOOKMARK [1][-]{section.10}{Noetherian Rings}{}% 10
\BOOKMARK [1][-]{section.11}{Decomposition of `39`42`"613A``45`47`"603ASpecR into Irreducible Closed Subsets}{}% 11
\BOOKMARK [1][-]{section.12}{Homological Algebra}{}% 12
\BOOKMARK [1][-]{section.13}{Integral Extensions}{}% 13
\BOOKMARK [1][-]{section.14}{Behavior of Prime Ideals under Integral Extensions}{}% 14
\BOOKMARK [1][-]{section.15}{The Noether Normalization Lemma and the Nullstellens\344tze}{}% 15
\BOOKMARK [1][-]{section.16}{Artinian Rings}{}% 16
\BOOKMARK [1][-]{section.17}{Discrete Valuation Rings}{}% 17
\BOOKMARK [1][-]{section.18}{Dimension of a Polynomial Ring}{}% 18
\BOOKMARK [1][-]{section.19}{More Dimension Theory}{}% 19
\BOOKMARK [1][-]{section.20}{Regular Local Rings}{}% 20
